#
# A fatal error has been detected by the Java Runtime Environment:
#
#  Internal Error (javaClasses.cpp:129), pid=7964, tid=10208
#  fatal error: Invalid layout of preloaded class
#
# JRE version: 7.0_21-b11
# Java VM: Java HotSpot(TM) 64-Bit Server VM (23.21-b01 mixed mode windows-amd64 compressed oops)
# Failed to write core dump. Minidumps are not enabled by default on client versions of Windows
#
# If you would like to submit a bug report, please visit:
#   http://bugreport.sun.com/bugreport/crash.jsp
#

---------------  T H R E A D  ---------------

Current thread (0x000000000057d000):  JavaThread "Unknown thread" [_thread_in_vm, id=10208, stack(0x00000000022d0000,0x00000000023d0000)]

Stack: [0x00000000022d0000,0x00000000023d0000]

---------------  P R O C E S S  ---------------

Java Threads: ( => current thread )

Other Threads:

=>0x000000000057d000 (exited) JavaThread "Unknown thread" [_thread_in_vm, id=10208, stack(0x00000000022d0000,0x00000000023d0000)]

VM state:not at safepoint (not fully initialized)

VM Mutex/Monitor currently owned by a thread: None

GC Heap History (0 events):
No events

Deoptimization events (0 events):
No events

Internal exceptions (0 events):
No events

Events (10 events):
Event: 0.045 loading class 0x0000000002269360 done
Event: 0.046 loading class 0x0000000002223130 done
Event: 0.046 loading class 0x0000000002223100
Event: 0.046 loading class 0x0000000002274d90
Event: 0.046 loading class 0x0000000002274d90 done
Event: 0.046 loading class 0x0000000002274dd0
Event: 0.047 loading class 0x0000000002274dd0 done
Event: 0.047 loading class 0x000000000a54c260
Event: 0.047 loading class 0x000000000a54c260 done
Event: 0.047 loading class 0x0000000002223100 done


Dynamic libraries:
0x000000013ffa0000 - 0x000000013ffd3000 	C:\Program Files\Java\jre7\bin\javaw.exe
0x0000000077210000 - 0x00000000773b9000 	C:\Windows\SYSTEM32\ntdll.dll
0x00000000770f0000 - 0x000000007720f000 	C:\Windows\system32\kernel32.dll
0x000007fefd860000 - 0x000007fefd8cb000 	C:\Windows\system32\KERNELBASE.dll
0x000007feff290000 - 0x000007feff36b000 	C:\Windows\system32\ADVAPI32.dll
0x000007fefe9d0000 - 0x000007fefea6f000 	C:\Windows\system32\msvcrt.dll
0x000007fefeff0000 - 0x000007feff00f000 	C:\Windows\SYSTEM32\sechost.dll
0x000007fefec10000 - 0x000007fefed3d000 	C:\Windows\system32\RPCRT4.dll
0x0000000076c90000 - 0x0000000076d8a000 	C:\Windows\system32\USER32.dll
0x000007feff370000 - 0x000007feff3d7000 	C:\Windows\system32\GDI32.dll
0x000007fefe8b0000 - 0x000007fefe8be000 	C:\Windows\system32\LPK.dll
0x000007fefeaf0000 - 0x000007fefebb9000 	C:\Windows\system32\USP10.dll
0x000007fefbcc0000 - 0x000007fefbeb4000 	C:\Windows\WinSxS\amd64_microsoft.windows.common-controls_6595b64144ccf1df_6.0.7601.17514_none_fa396087175ac9ac\COMCTL32.dll
0x000007fefea70000 - 0x000007fefeae1000 	C:\Windows\system32\SHLWAPI.dll
0x000007feff4f0000 - 0x000007feff51e000 	C:\Windows\system32\IMM32.DLL
0x000007fefe8c0000 - 0x000007fefe9c9000 	C:\Windows\system32\MSCTF.dll
0x000007fefd620000 - 0x000007fefd666000 	C:\Windows\system32\nvinitx.dll
0x000000006a460000 - 0x000000006a531000 	C:\Program Files\Java\jre7\bin\msvcr100.dll
0x0000000060040000 - 0x0000000060761000 	C:\Program Files\Java\jre7\bin\server\jvm.dll
0x000007fef4750000 - 0x000007fef4759000 	C:\Windows\system32\WSOCK32.dll
0x000007fefebc0000 - 0x000007fefec0d000 	C:\Windows\system32\WS2_32.dll
0x000007feff480000 - 0x000007feff488000 	C:\Windows\system32\NSI.dll
0x000007fefa190000 - 0x000007fefa1cb000 	C:\Windows\system32\WINMM.dll
0x00000000773d0000 - 0x00000000773d7000 	C:\Windows\system32\PSAPI.DLL
0x0000000070040000 - 0x000000007004f000 	C:\Program Files\Java\jre7\bin\verify.dll
0x000000006c370000 - 0x000000006c398000 	C:\Program Files\Java\jre7\bin\java.dll
0x000000006bae0000 - 0x000000006baf5000 	C:\Program Files\Java\jre7\bin\zip.dll

VM Arguments:
jvm_args: -Dfile.encoding=Cp1252 -Xbootclasspath:C:\Users\Kevin\android-sdks\platforms\android-19\android.jar;C:\Users\Kevin\android-sdks\add-ons\addon-google_apis-google-19\libs\effects.jar;C:\Users\Kevin\android-sdks\add-ons\addon-google_apis-google-19\libs\usb.jar;C:\Users\Kevin\android-sdks\add-ons\addon-google_apis-google-19\libs\maps.jar 
java_command: org.eclipse.jdt.internal.junit.runner.RemoteTestRunner -version 3 -port 64417 -testLoaderClass org.eclipse.jdt.internal.junit.runner.junit3.JUnit3TestLoader -loaderpluginname org.eclipse.jdt.junit.runtime -classNames edu.ucsd.placeit.tests.CategoryTesta
Launcher Type: SUN_STANDARD

Environment Variables:
PATH=C:\Program Files (x86)\NVIDIA Corporation\PhysX\Common;C:\Program Files (x86)\Intel\iCLS Client\;C:\Program Files\Intel\iCLS Client\;C:\Windows\system32;C:\Windows;C:\Windows\System32\Wbem;C:\Windows\System32\WindowsPowerShell\v1.0\;C:\Program Files\Intel\Intel(R) Management Engine Components\DAL;C:\Program Files\Intel\Intel(R) Management Engine Components\IPT;C:\Program Files (x86)\Intel\Intel(R) Management Engine Components\DAL;C:\Program Files (x86)\Intel\Intel(R) Management Engine Components\IPT;C:\Program Files\Intel\WiFi\bin\;C:\Program Files\Common Files\Intel\WirelessCommon\;C:\Program Files (x86)\Intel\OpenCL SDK\3.0\bin\x86;C:\Program Files (x86)\Intel\OpenCL SDK\3.0\bin\x64;C:\HashiCorp\Vagrant\bin;C:\Program Files\Intel\WiFi\bin\;C:\Program Files\Common Files\Intel\WirelessCommon\;C:\Program Files (x86)\SSH Communications Security\SSH Secure Shell;C:\Users\Kevin\android-sdks\platform-tools;C:\MinGW\bin;C:\Program Files (x86)\Google\google_appengine\;.;;.;;.;;.;;.;
USERNAME=Kevin
OS=Windows_NT
PROCESSOR_IDENTIFIER=Intel64 Family 6 Model 58 Stepping 9, GenuineIntel



---------------  S Y S T E M  ---------------

OS: Windows 7 , 64 bit Build 7601 Service Pack 1

CPU:total 8 (4 cores per cpu, 2 threads per core) family 6 model 58 stepping 9, cmov, cx8, fxsr, mmx, sse, sse2, sse3, ssse3, sse4.1, sse4.2, popcnt, avx, ht, tsc, tscinvbit, tscinv

Memory: 4k page, physical 6188316k(898860k free), swap 12374772k(2700704k free)

vm_info: Java HotSpot(TM) 64-Bit Server VM (23.21-b01) for windows-amd64 JRE (1.7.0_21-b11), built on Apr  4 2013 08:11:28 by "java_re" with unknown MS VC++:1600

time: Thu Mar 06 23:51:10 2014
elapsed time: 0 seconds

